Using pre-set license
Built from '2020.3/release' branch; Version is '2020.3.15f2 (6cf78cb77498) revision 7141260'; Using compiler version '192528614'; Build Type 'Release'
OS: 'Windows 10 Pro; OS build 19044.1766; Version 2009; 64bit' Language: 'pt' Physical Memory: 6075 MB
BatchMode: 1, IsHumanControllingUs: 0, StartBugReporterOnCrash: 0, Is64bit: 1, IsPro: 0

 COMMAND LINE ARGUMENTS:
C:\Program Files\Unity\Hub\Editor\2020.3.15f2\Editor\Unity.exe
-adb2
-batchMode
-noUpm
-name
AssetImportWorker0
-projectPath
C:/Users/geraldo/Desktop/UNITY/More Games Studio/Unity 2D/Free The Humans
-logFile
Logs/AssetImportWorker0.log
-srvPort
52272
Successfully changed project path to: C:/Users/geraldo/Desktop/UNITY/More Games Studio/Unity 2D/Free The Humans
C:/Users/geraldo/Desktop/UNITY/More Games Studio/Unity 2D/Free The Humans
Using Asset Import Pipeline V2.
Refreshing native plugins compatible for Editor in 94.29 ms, found 3 plugins.
Preloading 0 native plugins for Editor in 0.00 ms.
Initialize engine version: 2020.3.15f2 (6cf78cb77498)
[Subsystems] Discovering subsystems at path C:/Program Files/Unity/Hub/Editor/2020.3.15f2/Editor/Data/Resources/UnitySubsystems
[Subsystems] Discovering subsystems at path C:/Users/geraldo/Desktop/UNITY/More Games Studio/Unity 2D/Free The Humans/Assets
GfxDevice: creating device client; threaded=0
Direct3D:
    Version:  Direct3D 11.0 [level 11.1]
    Renderer: AMD Radeon(TM) Vega 8 Graphics (ID=0x15d8)
    Vendor:   
    VRAM:     3037 MB
    Driver:   30.0.13014.8
Initialize mono
Mono path[0] = 'C:/Program Files/Unity/Hub/Editor/2020.3.15f2/Editor/Data/Managed'
Mono path[1] = 'C:/Program Files/Unity/Hub/Editor/2020.3.15f2/Editor/Data/MonoBleedingEdge/lib/mono/unityjit'
Mono config path = 'C:/Program Files/Unity/Hub/Editor/2020.3.15f2/Editor/Data/MonoBleedingEdge/etc'
Using monoOptions --debugger-agent=transport=dt_socket,embedding=1,server=y,suspend=n,address=127.0.0.1:56112
Begin MonoManager ReloadAssembly
Registering precompiled unity dll's ...
Register platform support module: C:/Program Files/Unity/Hub/Editor/2020.3.15f2/Editor/Data/PlaybackEngines/WindowsStandaloneSupport/UnityEditor.WindowsStandalone.Extensions.dll
Registered in 0.004315 seconds.
Native extension for WindowsStandalone target not found
Refreshing native plugins compatible for Editor in 79.26 ms, found 3 plugins.
Preloading 0 native plugins for Editor in 0.00 ms.
Mono: successfully reloaded assembly
- Completed reload, in  5.016 seconds
Domain Reload Profiling:
	ReloadAssembly (5017ms)
		BeginReloadAssembly (82ms)
			ExecutionOrderSort (0ms)
			DisableScriptedObjects (0ms)
			BackupInstance (0ms)
			ReleaseScriptingObjects (0ms)
			CreateAndSetChildDomain (1ms)
		EndReloadAssembly (835ms)
			LoadAssemblies (79ms)
			RebuildTransferFunctionScriptingTraits (0ms)
			SetupTypeCache (292ms)
			ReleaseScriptCaches (0ms)
			RebuildScriptCaches (50ms)
			SetupLoadedEditorAssemblies (336ms)
				LogAssemblyErrors (0ms)
				InitializePlatformSupportModulesInManaged (6ms)
				SetLoadedEditorAssemblies (0ms)
				RefreshPlugins (79ms)
				BeforeProcessingInitializeOnLoad (36ms)
				ProcessInitializeOnLoadAttributes (162ms)
				ProcessInitializeOnLoadMethodAttributes (52ms)
				AfterProcessingInitializeOnLoad (0ms)
				EditorAssembliesLoaded (0ms)
			ExecutionOrderSort2 (0ms)
			AwakeInstancesAfterBackupRestoration (0ms)
Platform modules already initialized, skipping
Registering precompiled user dll's ...
Registered in 0.280218 seconds.
Begin MonoManager ReloadAssembly
Native extension for WindowsStandalone target not found
Refreshing native plugins compatible for Editor in 78.34 ms, found 3 plugins.
Preloading 0 native plugins for Editor in 0.00 ms.
Mono: successfully reloaded assembly
- Completed reload, in  2.371 seconds
Domain Reload Profiling:
	ReloadAssembly (2373ms)
		BeginReloadAssembly (291ms)
			ExecutionOrderSort (0ms)
			DisableScriptedObjects (7ms)
			BackupInstance (0ms)
			ReleaseScriptingObjects (0ms)
			CreateAndSetChildDomain (38ms)
		EndReloadAssembly (1947ms)
			LoadAssemblies (262ms)
			RebuildTransferFunctionScriptingTraits (0ms)
			SetupTypeCache (552ms)
			ReleaseScriptCaches (1ms)
			RebuildScriptCaches (131ms)
			SetupLoadedEditorAssemblies (807ms)
				LogAssemblyErrors (0ms)
				InitializePlatformSupportModulesInManaged (6ms)
				SetLoadedEditorAssemblies (0ms)
				RefreshPlugins (78ms)
				BeforeProcessingInitializeOnLoad (163ms)
				ProcessInitializeOnLoadAttributes (518ms)
				ProcessInitializeOnLoadMethodAttributes (27ms)
				AfterProcessingInitializeOnLoad (12ms)
				EditorAssembliesLoaded (0ms)
			ExecutionOrderSort2 (0ms)
			AwakeInstancesAfterBackupRestoration (16ms)
Platform modules already initialized, skipping
========================================================================
Worker process is ready to serve import requests
Launched and connected shader compiler UnityShaderCompiler.exe after 0.13 seconds
Refreshing native plugins compatible for Editor in 1.71 ms, found 3 plugins.
Preloading 0 native plugins for Editor in 0.00 ms.
Unloading 2097 Unused Serialized files (Serialized files now loaded: 0)
System memory in use before: 93.5 MB.
System memory in use after: 93.5 MB.

Unloading 33 unused Assets to reduce memory usage. Loaded Objects now: 2533.
Total: 4.319300 ms (FindLiveObjects: 0.312800 ms CreateObjectMapping: 0.070300 ms MarkObjects: 3.756500 ms  DeleteObjects: 0.176900 ms)

AssetImportParameters requested are different than current active one (requested -> active):
  custom:framework-win-MediaFoundation: 216162199b28c13a410421893ffa2e32 -> 
  custom:video-decoder-ogg-theora: a1e56fd34408186e4bbccfd4996cb3dc -> 
  custom:container-muxer-webm: aa71ff27fc2769a1b78a27578f13a17b -> 
  custom:container-demuxer-webm: 4f35f7cbe854078d1ac9338744f61a02 -> 
  custom:container-demuxer-ogg: 62fdf1f143b41e24485cea50d1cbac27 -> 
  custom:video-encoder-webm-vp8: eb34c28f22e8b96e1ab97ce403110664 -> 
  custom:video-decoder-webm-vp8: 9c59270c3fd7afecdb556c50c9e8de78 -> 
  custom:audio-decoder-ogg-vorbis: bf7c407c2cedff20999df2af8eb42d56 -> 
  custom:audio-encoder-webm-vorbis: bf7c407c2cedff20999df2af8eb42d56 -> 
========================================================================
Received Import Request.
  path: Assets/Sprites/Player/playerShip3_orange.png
  artifactKey: Guid(571cfa6f3f4a99f4c97ee05fc86d5bc5) Importer(815301076,1909f56bfc062723c751e8b465ee728b)
Start importing Assets/Sprites/Player/playerShip3_orange.png using Guid(571cfa6f3f4a99f4c97ee05fc86d5bc5) Importer(815301076,1909f56bfc062723c751e8b465ee728b)  -> (artifact id: 'c431c374bf6201169228d48a88a7bf24') in 0.231146 seconds 
  Import took 0.236623 seconds .

========================================================================
Received Import Request.
  Time since last request: 0.000325 seconds.
  path: Assets/Sprites/UI/playerLife1_green.png
  artifactKey: Guid(fc4e09605e9ad13439ac049de702170a) Importer(815301076,1909f56bfc062723c751e8b465ee728b)
Start importing Assets/Sprites/UI/playerLife1_green.png using Guid(fc4e09605e9ad13439ac049de702170a) Importer(815301076,1909f56bfc062723c751e8b465ee728b)  -> (artifact id: 'c9de87b37ba0d7c931fce7a0802c88cc') in 0.029107 seconds 
  Import took 0.035160 seconds .

========================================================================
Received Import Request.
  Time since last request: 0.000365 seconds.
  path: Assets/Sprites/UI/playerLife2_red.png
  artifactKey: Guid(7be07458a33aa5e46b4f27f9b52f75e7) Importer(815301076,1909f56bfc062723c751e8b465ee728b)
Start importing Assets/Sprites/UI/playerLife2_red.png using Guid(7be07458a33aa5e46b4f27f9b52f75e7) Importer(815301076,1909f56bfc062723c751e8b465ee728b)  -> (artifact id: 'ee979fb65048ed7564d51d2a98531a1c') in 0.029543 seconds 
  Import took 0.037714 seconds .

========================================================================
Received Import Request.
  Time since last request: 0.002216 seconds.
  path: Assets/Sprites/Player/playerShip3_blue.png
  artifactKey: Guid(ba85f85599ac30f44ac2d80494f5a9ce) Importer(815301076,1909f56bfc062723c751e8b465ee728b)
Start importing Assets/Sprites/Player/playerShip3_blue.png using Guid(ba85f85599ac30f44ac2d80494f5a9ce) Importer(815301076,1909f56bfc062723c751e8b465ee728b)  -> (artifact id: '00a0d5b20c87c4fe807d9f3884fec849') in 0.043222 seconds 
  Import took 0.050080 seconds .

========================================================================
Received Import Request.
  Time since last request: 0.000271 seconds.
  path: Assets/Sprites/Player/ufoRed.png
  artifactKey: Guid(e737d8bb7e8a81a4bbafb2f5b2414538) Importer(815301076,1909f56bfc062723c751e8b465ee728b)
Start importing Assets/Sprites/Player/ufoRed.png using Guid(e737d8bb7e8a81a4bbafb2f5b2414538) Importer(815301076,1909f56bfc062723c751e8b465ee728b)  -> (artifact id: '07074dcafebdc3523e489b09ce5dfb83') in 0.033422 seconds 
  Import took 0.040411 seconds .

========================================================================
Received Import Request.
  Time since last request: 0.001764 seconds.
  path: Assets/Sprites/Player/playerShip1_red.png
  artifactKey: Guid(1d90493a5c59ff24f8daf413ba128d6f) Importer(815301076,1909f56bfc062723c751e8b465ee728b)
Start importing Assets/Sprites/Player/playerShip1_red.png using Guid(1d90493a5c59ff24f8daf413ba128d6f) Importer(815301076,1909f56bfc062723c751e8b465ee728b)  -> (artifact id: 'dbfb1d826ebd1efbd06ad3437471b710') in 0.030819 seconds 
  Import took 0.036522 seconds .

========================================================================
Received Import Request.
  Time since last request: 0.000366 seconds.
  path: Assets/Sprites/UI/LuckiestGuy.ttf
  artifactKey: Guid(3faa272c36dbe8f43915fa7db3eb744b) Importer(815301076,1909f56bfc062723c751e8b465ee728b)
Start importing Assets/Sprites/UI/LuckiestGuy.ttf using Guid(3faa272c36dbe8f43915fa7db3eb744b) Importer(815301076,1909f56bfc062723c751e8b465ee728b)  -> (artifact id: 'd8dbbf0c1743244e0892cd1432288e55') in 0.107229 seconds 
  Import took 0.115588 seconds .

========================================================================
Received Import Request.
  Time since last request: 0.000270 seconds.
  path: Assets/Sprites/UI/Tondu_Beta.ttf
  artifactKey: Guid(ec897256bdeff3c48b7a08bc389bb489) Importer(815301076,1909f56bfc062723c751e8b465ee728b)
Start importing Assets/Sprites/UI/Tondu_Beta.ttf using Guid(ec897256bdeff3c48b7a08bc389bb489) Importer(815301076,1909f56bfc062723c751e8b465ee728b)  -> (artifact id: '69c1099263cb4534521f70d89755f0bf') in 0.037266 seconds 
  Import took 0.042364 seconds .

========================================================================
Received Import Request.
  Time since last request: 0.000353 seconds.
  path: Assets/Sprites/UI/playerLife2_orange.png
  artifactKey: Guid(001f0bcf65327cf4db0e1e03a21c4222) Importer(815301076,1909f56bfc062723c751e8b465ee728b)
Start importing Assets/Sprites/UI/playerLife2_orange.png using Guid(001f0bcf65327cf4db0e1e03a21c4222) Importer(815301076,1909f56bfc062723c751e8b465ee728b)  -> (artifact id: '9af665496355c6e8c3fc618cba60096f') in 0.028053 seconds 
  Import took 0.034440 seconds .

========================================================================
Received Import Request.
  Time since last request: 0.000379 seconds.
  path: Assets/Sprites/UI/PressStart2P-Regular.ttf
  artifactKey: Guid(278601f92686cbd46bbf87a09da41e1f) Importer(815301076,1909f56bfc062723c751e8b465ee728b)
Start importing Assets/Sprites/UI/PressStart2P-Regular.ttf using Guid(278601f92686cbd46bbf87a09da41e1f) Importer(815301076,1909f56bfc062723c751e8b465ee728b)  -> (artifact id: 'd0e7a44930b0096bcf2155aac0ba3826') in 0.039664 seconds 
  Import took 0.045796 seconds .

========================================================================
Received Import Request.
  Time since last request: 0.000372 seconds.
  path: Assets/Sprites/UI/numeral4.png
  artifactKey: Guid(f6a5d95ff5309a24aacd21584201bb18) Importer(815301076,1909f56bfc062723c751e8b465ee728b)
Start importing Assets/Sprites/UI/numeral4.png using Guid(f6a5d95ff5309a24aacd21584201bb18) Importer(815301076,1909f56bfc062723c751e8b465ee728b)  -> (artifact id: '56716242714602488139709934562a0f') in 0.031863 seconds 
  Import took 0.039363 seconds .

========================================================================
Received Import Request.
  Time since last request: 0.000543 seconds.
  path: Assets/Sprites/Player/ufoGreen.png
  artifactKey: Guid(0c32788cdbf783b4dafe662a705812d6) Importer(815301076,1909f56bfc062723c751e8b465ee728b)
Start importing Assets/Sprites/Player/ufoGreen.png using Guid(0c32788cdbf783b4dafe662a705812d6) Importer(815301076,1909f56bfc062723c751e8b465ee728b)  -> (artifact id: '3b8c36b00a6d04f013152bce6d6e440e') in 0.031017 seconds 
  Import took 0.038930 seconds .

========================================================================
Received Import Request.
  Time since last request: 0.000309 seconds.
  path: Assets/Sprites/UI/playerLife1_orange.png
  artifactKey: Guid(3430bb1602594754fb9a9cf0a1c68d12) Importer(815301076,1909f56bfc062723c751e8b465ee728b)
Start importing Assets/Sprites/UI/playerLife1_orange.png using Guid(3430bb1602594754fb9a9cf0a1c68d12) Importer(815301076,1909f56bfc062723c751e8b465ee728b)  -> (artifact id: 'fdb2cd943ff64ce6e24d5f2dc3e14943') in 0.027636 seconds 
  Import took 0.035978 seconds .

========================================================================
Received Import Request.
  Time since last request: 0.000441 seconds.
  path: Assets/Sprites/UI/playerLife1_red.png
  artifactKey: Guid(3306847a967cd1a47af3be8b91532bdc) Importer(815301076,1909f56bfc062723c751e8b465ee728b)
Start importing Assets/Sprites/UI/playerLife1_red.png using Guid(3306847a967cd1a47af3be8b91532bdc) Importer(815301076,1909f56bfc062723c751e8b465ee728b)  -> (artifact id: '527114ab87c71ff9582d4192df482d3b') in 0.032407 seconds 
  Import took 0.038406 seconds .

========================================================================
Received Import Request.
  Time since last request: 0.000247 seconds.
  path: Assets/Sprites/Player/playerShip2_red.png
  artifactKey: Guid(4705a04b5cc5c8d47a43cdd44501f084) Importer(815301076,1909f56bfc062723c751e8b465ee728b)
Start importing Assets/Sprites/Player/playerShip2_red.png using Guid(4705a04b5cc5c8d47a43cdd44501f084) Importer(815301076,1909f56bfc062723c751e8b465ee728b)  -> (artifact id: 'dd02a181a17726c7fc28df0a0fe0692b') in 0.040149 seconds 
  Import took 0.045231 seconds .

========================================================================
Received Import Request.
  Time since last request: 0.000290 seconds.
  path: Assets/Sprites/UI/numeral5.png
  artifactKey: Guid(4e77844b28c88234b919561262679fb0) Importer(815301076,1909f56bfc062723c751e8b465ee728b)
Start importing Assets/Sprites/UI/numeral5.png using Guid(4e77844b28c88234b919561262679fb0) Importer(815301076,1909f56bfc062723c751e8b465ee728b)  -> (artifact id: '36d596102d64fa8d48cfbf4d8f062618') in 0.040994 seconds 
  Import took 0.047537 seconds .

========================================================================
Received Import Request.
  Time since last request: 0.000278 seconds.
  path: Assets/Sprites/UI/numeral2.png
  artifactKey: Guid(722d5d95375ee47498ec0997386b1f33) Importer(815301076,1909f56bfc062723c751e8b465ee728b)
Start importing Assets/Sprites/UI/numeral2.png using Guid(722d5d95375ee47498ec0997386b1f33) Importer(815301076,1909f56bfc062723c751e8b465ee728b)  -> (artifact id: 'd72469f34fb9b38a0d8174067a2bbad7') in 0.037657 seconds 
  Import took 0.043927 seconds .

========================================================================
Received Import Request.
  Time since last request: 0.001780 seconds.
  path: Assets/Sprites/Player/playerShip1_orange.png
  artifactKey: Guid(346c803be59c85f4fa21039347732f71) Importer(815301076,1909f56bfc062723c751e8b465ee728b)
Start importing Assets/Sprites/Player/playerShip1_orange.png using Guid(346c803be59c85f4fa21039347732f71) Importer(815301076,1909f56bfc062723c751e8b465ee728b)  -> (artifact id: 'c6e51fb7600f19cc9f4a7dba6f2f5ea0') in 0.031805 seconds 
  Import took 0.038080 seconds .

========================================================================
Received Import Request.
  Time since last request: 0.000491 seconds.
  path: Assets/Sprites/Player/playerShip1_blue.png
  artifactKey: Guid(3b514656c3418ab42ab59411a34127f6) Importer(815301076,1909f56bfc062723c751e8b465ee728b)
Start importing Assets/Sprites/Player/playerShip1_blue.png using Guid(3b514656c3418ab42ab59411a34127f6) Importer(815301076,1909f56bfc062723c751e8b465ee728b)  -> (artifact id: '81d343eaeb84855b95a3cdb29dd66d82') in 0.044053 seconds 
  Import took 0.052130 seconds .

========================================================================
Received Import Request.
  Time since last request: 0.000426 seconds.
  path: Assets/Sprites/Player/ufoBlue.png
  artifactKey: Guid(2f80d64dde6dfc248b43cd2e1b5744b9) Importer(815301076,1909f56bfc062723c751e8b465ee728b)
Start importing Assets/Sprites/Player/ufoBlue.png using Guid(2f80d64dde6dfc248b43cd2e1b5744b9) Importer(815301076,1909f56bfc062723c751e8b465ee728b)  -> (artifact id: '76062baf50e8608dc1842c4c05db43c5') in 0.035184 seconds 
  Import took 0.047939 seconds .

========================================================================
Received Import Request.
  Time since last request: 0.000353 seconds.
  path: Assets/Sprites/Player/playerShip1_green.png
  artifactKey: Guid(d4f9559e8e3e3f34c8f32a03563501d2) Importer(815301076,1909f56bfc062723c751e8b465ee728b)
Start importing Assets/Sprites/Player/playerShip1_green.png using Guid(d4f9559e8e3e3f34c8f32a03563501d2) Importer(815301076,1909f56bfc062723c751e8b465ee728b)  -> (artifact id: '03b3edf2ae07ab52da2adda1fb5ca741') in 0.125123 seconds 
  Import took 0.132918 seconds .

========================================================================
Received Import Request.
  Time since last request: 0.000765 seconds.
  path: Assets/Sprites/UI/buttonGreen.png
  artifactKey: Guid(0ec6c156713022645b9f12b6fae03506) Importer(815301076,1909f56bfc062723c751e8b465ee728b)
Start importing Assets/Sprites/UI/buttonGreen.png using Guid(0ec6c156713022645b9f12b6fae03506) Importer(815301076,1909f56bfc062723c751e8b465ee728b)  -> (artifact id: 'c86377d56dd489128d8b6a4bc139d924') in 0.052359 seconds 
  Import took 0.062728 seconds .

========================================================================
Received Import Request.
  Time since last request: 0.000300 seconds.
  path: Assets/Sprites/UI/numeral8.png
  artifactKey: Guid(dd4bb73266f7565448fa0aad1e404d05) Importer(815301076,1909f56bfc062723c751e8b465ee728b)
Start importing Assets/Sprites/UI/numeral8.png using Guid(dd4bb73266f7565448fa0aad1e404d05) Importer(815301076,1909f56bfc062723c751e8b465ee728b)  -> (artifact id: '9c10a4c48bfb55e4ad99215a6438ff7f') in 0.029854 seconds 
  Import took 0.039157 seconds .

========================================================================
Received Import Request.
  Time since last request: 0.000466 seconds.
  path: Assets/Sprites/UI/buttonBlue.png
  artifactKey: Guid(c828ac2516364fd4aa156b73fa861493) Importer(815301076,1909f56bfc062723c751e8b465ee728b)
Start importing Assets/Sprites/UI/buttonBlue.png using Guid(c828ac2516364fd4aa156b73fa861493) Importer(815301076,1909f56bfc062723c751e8b465ee728b)  -> (artifact id: '68d8532dea0b299535ed10d16088f126') in 0.036032 seconds 
  Import took 0.041414 seconds .

========================================================================
Received Import Request.
  Time since last request: 0.000221 seconds.
  path: Assets/Sprites/Player/playerShip2_blue.png
  artifactKey: Guid(6b78d9976cc729442bf84e7f097f4e6e) Importer(815301076,1909f56bfc062723c751e8b465ee728b)
Start importing Assets/Sprites/Player/playerShip2_blue.png using Guid(6b78d9976cc729442bf84e7f097f4e6e) Importer(815301076,1909f56bfc062723c751e8b465ee728b)  -> (artifact id: 'b4410c50ff3b6f1670975b79e0c2a52c') in 0.027425 seconds 
  Import took 0.034611 seconds .

========================================================================
Received Import Request.
  Time since last request: 0.000451 seconds.
  path: Assets/Sprites/Player/ufoYellow.png
  artifactKey: Guid(f26b77644c21f6e42be3973ca5b0d45e) Importer(815301076,1909f56bfc062723c751e8b465ee728b)
Start importing Assets/Sprites/Player/ufoYellow.png using Guid(f26b77644c21f6e42be3973ca5b0d45e) Importer(815301076,1909f56bfc062723c751e8b465ee728b)  -> (artifact id: '4425a7bb591386ec6a3725b78afb6431') in 0.026804 seconds 
  Import took 0.031629 seconds .

========================================================================
Received Import Request.
  Time since last request: 0.000306 seconds.
  path: Assets/Sprites/UI/numeral6.png
  artifactKey: Guid(b528bd97c672e774f89205846c508bb2) Importer(815301076,1909f56bfc062723c751e8b465ee728b)
Start importing Assets/Sprites/UI/numeral6.png using Guid(b528bd97c672e774f89205846c508bb2) Importer(815301076,1909f56bfc062723c751e8b465ee728b)  -> (artifact id: '5f7f9f6794e5240c6f453ad928dae182') in 0.024481 seconds 
  Import took 0.028840 seconds .

========================================================================
Received Import Request.
  Time since last request: 0.000349 seconds.
  path: Assets/Sprites/UI/numeralX.png
  artifactKey: Guid(c8b732adaf8b45e4d8058916f71fc48e) Importer(815301076,1909f56bfc062723c751e8b465ee728b)
Start importing Assets/Sprites/UI/numeralX.png using Guid(c8b732adaf8b45e4d8058916f71fc48e) Importer(815301076,1909f56bfc062723c751e8b465ee728b)  -> (artifact id: '1e70fd8ef66a2193bf9fedff411723ef') in 0.031986 seconds 
  Import took 0.042461 seconds .

========================================================================
Received Import Request.
  Time since last request: 0.000413 seconds.
  path: Assets/Sprites/Player/playerShip2_orange.png
  artifactKey: Guid(8e464e061c057b947abf4988cf93489c) Importer(815301076,1909f56bfc062723c751e8b465ee728b)
Start importing Assets/Sprites/Player/playerShip2_orange.png using Guid(8e464e061c057b947abf4988cf93489c) Importer(815301076,1909f56bfc062723c751e8b465ee728b)  -> (artifact id: '28d82e2d252fc91ca8a2888fde4d8ca6') in 0.027676 seconds 
  Import took 0.033506 seconds .

========================================================================
Received Import Request.
  Time since last request: 0.000244 seconds.
  path: Assets/Sprites/Player/playerShip3_red.png
  artifactKey: Guid(028fe0993433d08459e02a1624a30ff8) Importer(815301076,1909f56bfc062723c751e8b465ee728b)
Start importing Assets/Sprites/Player/playerShip3_red.png using Guid(028fe0993433d08459e02a1624a30ff8) Importer(815301076,1909f56bfc062723c751e8b465ee728b)  -> (artifact id: '982978fa7e1d293d50d6f14d683926a0') in 0.032815 seconds 
  Import took 0.037766 seconds .

========================================================================
Received Import Request.
  Time since last request: 0.000255 seconds.
  path: Assets/Sprites/UI/cursor.png
  artifactKey: Guid(0fba014ce6d30a044b33d0898e706ff6) Importer(815301076,1909f56bfc062723c751e8b465ee728b)
Start importing Assets/Sprites/UI/cursor.png using Guid(0fba014ce6d30a044b33d0898e706ff6) Importer(815301076,1909f56bfc062723c751e8b465ee728b)  -> (artifact id: 'da68ce545a1080ceb179cb4cb17212e5') in 0.036275 seconds 
  Import took 0.041413 seconds .

========================================================================
Received Import Request.
  Time since last request: 0.000434 seconds.
  path: Assets/Sprites/Player/playerShip3_green.png
  artifactKey: Guid(36c6ed910422cdd428bf2448fb9188c7) Importer(815301076,1909f56bfc062723c751e8b465ee728b)
Start importing Assets/Sprites/Player/playerShip3_green.png using Guid(36c6ed910422cdd428bf2448fb9188c7) Importer(815301076,1909f56bfc062723c751e8b465ee728b)  -> (artifact id: '82b4413b8d8279960ef3d9fe3c6f5ccf') in 0.030254 seconds 
  Import took 0.036393 seconds .

========================================================================
Received Import Request.
  Time since last request: 0.000227 seconds.
  path: Assets/Sprites/UI/RifficFree-Bold.ttf
  artifactKey: Guid(a7f17e14663392b44a9acbca75d1121e) Importer(815301076,1909f56bfc062723c751e8b465ee728b)
Start importing Assets/Sprites/UI/RifficFree-Bold.ttf using Guid(a7f17e14663392b44a9acbca75d1121e) Importer(815301076,1909f56bfc062723c751e8b465ee728b)  -> (artifact id: 'b49bbe6fb7fdf18f4c566e54b858538b') in 0.034474 seconds 
  Import took 0.039871 seconds .

========================================================================
Received Import Request.
  Time since last request: 0.000347 seconds.
  path: Assets/Sprites/UI/buttonRed.png
  artifactKey: Guid(c476ac3c25012444494882a082541aed) Importer(815301076,1909f56bfc062723c751e8b465ee728b)
Start importing Assets/Sprites/UI/buttonRed.png using Guid(c476ac3c25012444494882a082541aed) Importer(815301076,1909f56bfc062723c751e8b465ee728b)  -> (artifact id: '9b88e494d641ab24bffbd569a8fc77c0') in 0.025793 seconds 
  Import took 0.030621 seconds .

========================================================================
Received Import Request.
  Time since last request: 0.000214 seconds.
  path: Assets/Sprites/UI/numeral3.png
  artifactKey: Guid(c491285e610e8a6439cca1fe879782c1) Importer(815301076,1909f56bfc062723c751e8b465ee728b)
Start importing Assets/Sprites/UI/numeral3.png using Guid(c491285e610e8a6439cca1fe879782c1) Importer(815301076,1909f56bfc062723c751e8b465ee728b)  -> (artifact id: 'bb52f8e9cf8ce8a5c2ac631659607a75') in 0.033260 seconds 
  Import took 0.039205 seconds .

========================================================================
Received Import Request.
  Time since last request: 0.000427 seconds.
  path: Assets/Sprites/UI/playerLife2_blue.png
  artifactKey: Guid(a2e108079e0570b409d91b61131341db) Importer(815301076,1909f56bfc062723c751e8b465ee728b)
Start importing Assets/Sprites/UI/playerLife2_blue.png using Guid(a2e108079e0570b409d91b61131341db) Importer(815301076,1909f56bfc062723c751e8b465ee728b)  -> (artifact id: '74544b62ac1c3ebd33d7367d9d0f2e9e') in 0.031386 seconds 
  Import took 0.041482 seconds .

========================================================================
Received Import Request.
  Time since last request: 0.002911 seconds.
  path: Assets/Sprites/UI/numeral0.png
  artifactKey: Guid(d9d08767507f2764a91a8675aa0d9170) Importer(815301076,1909f56bfc062723c751e8b465ee728b)
Start importing Assets/Sprites/UI/numeral0.png using Guid(d9d08767507f2764a91a8675aa0d9170) Importer(815301076,1909f56bfc062723c751e8b465ee728b)  -> (artifact id: '52fc4d19eff744f78bcd3c1df4516653') in 0.032726 seconds 
  Import took 0.040639 seconds .

========================================================================
Received Import Request.
  Time since last request: 0.000405 seconds.
  path: Assets/Sprites/UI/playerLife3_green.png
  artifactKey: Guid(7685097ef718b2b4e8a40aec4b212781) Importer(815301076,1909f56bfc062723c751e8b465ee728b)
Start importing Assets/Sprites/UI/playerLife3_green.png using Guid(7685097ef718b2b4e8a40aec4b212781) Importer(815301076,1909f56bfc062723c751e8b465ee728b)  -> (artifact id: '2222429d3133cb1d9004501cd3736fd9') in 0.028287 seconds 
  Import took 0.033519 seconds .

========================================================================
Received Import Request.
  Time since last request: 0.000338 seconds.
  path: Assets/Sprites/UI/numeral9.png
  artifactKey: Guid(61ff8e63c25d0034f8c3e42a67312e65) Importer(815301076,1909f56bfc062723c751e8b465ee728b)
Start importing Assets/Sprites/UI/numeral9.png using Guid(61ff8e63c25d0034f8c3e42a67312e65) Importer(815301076,1909f56bfc062723c751e8b465ee728b)  -> (artifact id: '6a195cd8df1254812fc900e5abafebaa') in 0.030557 seconds 
  Import took 0.036246 seconds .

========================================================================
Received Import Request.
  Time since last request: 0.000289 seconds.
  path: Assets/Sprites/UI/numeral1.png
  artifactKey: Guid(998a6c9d91066d546b93d81bca2cd1f2) Importer(815301076,1909f56bfc062723c751e8b465ee728b)
Start importing Assets/Sprites/UI/numeral1.png using Guid(998a6c9d91066d546b93d81bca2cd1f2) Importer(815301076,1909f56bfc062723c751e8b465ee728b)  -> (artifact id: '0ddb714740d42a4e83b37c0195280d84') in 0.038688 seconds 
  Import took 0.043633 seconds .

========================================================================
Received Import Request.
  Time since last request: 0.000270 seconds.
  path: Assets/Sprites/BG.png
  artifactKey: Guid(9c924bd5f2832984281a35039e85777f) Importer(815301076,1909f56bfc062723c751e8b465ee728b)
Start importing Assets/Sprites/BG.png using Guid(9c924bd5f2832984281a35039e85777f) Importer(815301076,1909f56bfc062723c751e8b465ee728b)  -> (artifact id: '825a05d5397a0d2278092df3d1189772') in 0.066260 seconds 
  Import took 0.073603 seconds .

========================================================================
Received Import Request.
  Time since last request: 0.000245 seconds.
  path: Assets/Sprites/UI/playerLife2_green.png
  artifactKey: Guid(de23a12c0f950474e986aaa7438ea8c9) Importer(815301076,1909f56bfc062723c751e8b465ee728b)
Start importing Assets/Sprites/UI/playerLife2_green.png using Guid(de23a12c0f950474e986aaa7438ea8c9) Importer(815301076,1909f56bfc062723c751e8b465ee728b)  -> (artifact id: '30da92e7c1305ac85daa5b546be059c3') in 0.024677 seconds 
  Import took 0.029623 seconds .

========================================================================
Received Import Request.
  Time since last request: 0.000487 seconds.
  path: Assets/Sprites/UI/playerLife3_orange.png
  artifactKey: Guid(bf4f86257c72a7f4e9135c8d937cd079) Importer(815301076,1909f56bfc062723c751e8b465ee728b)
Start importing Assets/Sprites/UI/playerLife3_orange.png using Guid(bf4f86257c72a7f4e9135c8d937cd079) Importer(815301076,1909f56bfc062723c751e8b465ee728b)  -> (artifact id: '1d53c46d49f56f189e2f96aab25cfe3f') in 0.037164 seconds 
  Import took 0.041926 seconds .

========================================================================
Received Import Request.
  Time since last request: 0.000280 seconds.
  path: Assets/Sprites/UI/playerLife3_blue.png
  artifactKey: Guid(efe7dbd13f370df458938a2271696e58) Importer(815301076,1909f56bfc062723c751e8b465ee728b)
Start importing Assets/Sprites/UI/playerLife3_blue.png using Guid(efe7dbd13f370df458938a2271696e58) Importer(815301076,1909f56bfc062723c751e8b465ee728b)  -> (artifact id: '236db94e4fbf396f2e1e8df558e2fae8') in 0.023426 seconds 
  Import took 0.033661 seconds .

========================================================================
Received Import Request.
  Time since last request: 0.000788 seconds.
  path: Assets/Sprites/UI/buttonYellow.png
  artifactKey: Guid(5bdd5afef2a5f9d4290cf56ebccd7200) Importer(815301076,1909f56bfc062723c751e8b465ee728b)
Start importing Assets/Sprites/UI/buttonYellow.png using Guid(5bdd5afef2a5f9d4290cf56ebccd7200) Importer(815301076,1909f56bfc062723c751e8b465ee728b)  -> (artifact id: '28a555b55c08880c86ee420c5bc49468') in 0.036547 seconds 
  Import took 0.042280 seconds .

========================================================================
Received Import Request.
  Time since last request: 0.000694 seconds.
  path: Assets/Sprites/UI/playerLife3_red.png
  artifactKey: Guid(6ad6f0286c7458a44b6c7188f9877319) Importer(815301076,1909f56bfc062723c751e8b465ee728b)
Start importing Assets/Sprites/UI/playerLife3_red.png using Guid(6ad6f0286c7458a44b6c7188f9877319) Importer(815301076,1909f56bfc062723c751e8b465ee728b)  -> (artifact id: '4f6740dbbebb9ae7f1c5b4c6bd245319') in 0.026319 seconds 
  Import took 0.034135 seconds .

========================================================================
Received Import Request.
  Time since last request: 0.000397 seconds.
  path: Assets/Sprites/Player/playerShip2_green.png
  artifactKey: Guid(986c099067f0dee4c81554182b347c2c) Importer(815301076,1909f56bfc062723c751e8b465ee728b)
Start importing Assets/Sprites/Player/playerShip2_green.png using Guid(986c099067f0dee4c81554182b347c2c) Importer(815301076,1909f56bfc062723c751e8b465ee728b)  -> (artifact id: '2c17306eebc86c3032657875150415b2') in 0.027003 seconds 
  Import took 0.031436 seconds .

========================================================================
Received Import Request.
  Time since last request: 0.000355 seconds.
  path: Assets/Sprites/UI/playerLife1_blue.png
  artifactKey: Guid(e0b6b3b75d76a6649b1687d98ae65e24) Importer(815301076,1909f56bfc062723c751e8b465ee728b)
Start importing Assets/Sprites/UI/playerLife1_blue.png using Guid(e0b6b3b75d76a6649b1687d98ae65e24) Importer(815301076,1909f56bfc062723c751e8b465ee728b)  -> (artifact id: 'cd9bf813f1ac85b71587221f07185711') in 0.032935 seconds 
  Import took 0.038163 seconds .

========================================================================
Received Import Request.
  Time since last request: 0.000241 seconds.
  path: Assets/Sprites/UI/numeral7.png
  artifactKey: Guid(03dad1b6d9ad52546bbb02611f18c8af) Importer(815301076,1909f56bfc062723c751e8b465ee728b)
Start importing Assets/Sprites/UI/numeral7.png using Guid(03dad1b6d9ad52546bbb02611f18c8af) Importer(815301076,1909f56bfc062723c751e8b465ee728b)  -> (artifact id: '72dec1e1e7f352574c6fbdf185c2c99b') in 0.028761 seconds 
  Import took 0.037235 seconds .

========================================================================
Received Import Request.
  Time since last request: 90.342994 seconds.
  path: Assets/Scripts/NavePlayer.cs
  artifactKey: Guid(52583331420be334db64a9f033e3408d) Importer(815301076,1909f56bfc062723c751e8b465ee728b)
Start importing Assets/Scripts/NavePlayer.cs using Guid(52583331420be334db64a9f033e3408d) Importer(815301076,1909f56bfc062723c751e8b465ee728b)  -> (artifact id: '834de3ffa8f8011bd17db63439769fd3') in 0.021085 seconds 
  Import took 0.025936 seconds .

========================================================================
Received Import Request.
  Time since last request: 0.125385 seconds.
  path: Assets/Scripts/NavePlayer.cs
  artifactKey: Guid(52583331420be334db64a9f033e3408d) Importer(815301076,1909f56bfc062723c751e8b465ee728b)
Start importing Assets/Scripts/NavePlayer.cs using Guid(52583331420be334db64a9f033e3408d) Importer(815301076,1909f56bfc062723c751e8b465ee728b)  -> (artifact id: '834de3ffa8f8011bd17db63439769fd3') in 0.052648 seconds 
  Import took 0.063301 seconds .

========================================================================
Received Prepare
Registering precompiled user dll's ...
Registered in 0.005585 seconds.
Begin MonoManager ReloadAssembly
Native extension for WindowsStandalone target not found
Refreshing native plugins compatible for Editor in 0.82 ms, found 3 plugins.
Preloading 0 native plugins for Editor in 0.00 ms.
Mono: successfully reloaded assembly
- Completed reload, in  1.721 seconds
Domain Reload Profiling:
	ReloadAssembly (1722ms)
		BeginReloadAssembly (170ms)
			ExecutionOrderSort (0ms)
			DisableScriptedObjects (11ms)
			BackupInstance (0ms)
			ReleaseScriptingObjects (0ms)
			CreateAndSetChildDomain (61ms)
		EndReloadAssembly (1414ms)
			LoadAssemblies (118ms)
			RebuildTransferFunctionScriptingTraits (0ms)
			SetupTypeCache (440ms)
			ReleaseScriptCaches (2ms)
			RebuildScriptCaches (61ms)
			SetupLoadedEditorAssemblies (603ms)
				LogAssemblyErrors (0ms)
				InitializePlatformSupportModulesInManaged (9ms)
				SetLoadedEditorAssemblies (2ms)
				RefreshPlugins (1ms)
				BeforeProcessingInitializeOnLoad (169ms)
				ProcessInitializeOnLoadAttributes (407ms)
				ProcessInitializeOnLoadMethodAttributes (7ms)
				AfterProcessingInitializeOnLoad (8ms)
				EditorAssembliesLoaded (0ms)
			ExecutionOrderSort2 (0ms)
			AwakeInstancesAfterBackupRestoration (18ms)
Platform modules already initialized, skipping
Switching build target platform(19) subTarget(0) extendedPlatform(0) -> platform(13) subTarget(537395200) extendedPlatform(0)
Refreshing native plugins compatible for Editor in 0.67 ms, found 3 plugins.
Preloading 0 native plugins for Editor in 0.00 ms.
Unloading 2095 Unused Serialized files (Serialized files now loaded: 0)
System memory in use before: 96.8 MB.
System memory in use after: 96.8 MB.

Unloading 21 unused Assets to reduce memory usage. Loaded Objects now: 2606.
Total: 7.301600 ms (FindLiveObjects: 0.325200 ms CreateObjectMapping: 0.099700 ms MarkObjects: 6.633800 ms  DeleteObjects: 0.239800 ms)

AssetImportParameters requested are different than current active one (requested -> active):
  custom:framework-win-MediaFoundation: 216162199b28c13a410421893ffa2e32 -> 
  custom:video-decoder-ogg-theora: a1e56fd34408186e4bbccfd4996cb3dc -> 
  custom:container-muxer-webm: aa71ff27fc2769a1b78a27578f13a17b -> 
  custom:container-demuxer-webm: 4f35f7cbe854078d1ac9338744f61a02 -> 
  custom:container-demuxer-ogg: 62fdf1f143b41e24485cea50d1cbac27 -> 
  custom:video-encoder-webm-vp8: eb34c28f22e8b96e1ab97ce403110664 -> 
  custom:video-decoder-webm-vp8: 9c59270c3fd7afecdb556c50c9e8de78 -> 
  custom:graphics/normal-map-encoding: 01000000000000000000000000000000 -> 02000000000000000000000000000000
  custom:audio-decoder-ogg-vorbis: bf7c407c2cedff20999df2af8eb42d56 -> 
  custom:audio-encoder-webm-vorbis: bf7c407c2cedff20999df2af8eb42d56 -> 
========================================================================
Received Prepare
Registering precompiled user dll's ...
Registered in 0.005644 seconds.
Begin MonoManager ReloadAssembly
Native extension for WindowsStandalone target not found
Refreshing native plugins compatible for Editor in 0.78 ms, found 3 plugins.
Preloading 0 native plugins for Editor in 0.00 ms.
Mono: successfully reloaded assembly
- Completed reload, in  1.815 seconds
Domain Reload Profiling:
	ReloadAssembly (1815ms)
		BeginReloadAssembly (210ms)
			ExecutionOrderSort (0ms)
			DisableScriptedObjects (10ms)
			BackupInstance (0ms)
			ReleaseScriptingObjects (0ms)
			CreateAndSetChildDomain (56ms)
		EndReloadAssembly (1497ms)
			LoadAssemblies (190ms)
			RebuildTransferFunctionScriptingTraits (0ms)
			SetupTypeCache (501ms)
			ReleaseScriptCaches (2ms)
			RebuildScriptCaches (66ms)
			SetupLoadedEditorAssemblies (605ms)
				LogAssemblyErrors (0ms)
				InitializePlatformSupportModulesInManaged (7ms)
				SetLoadedEditorAssemblies (1ms)
				RefreshPlugins (1ms)
				BeforeProcessingInitializeOnLoad (137ms)
				ProcessInitializeOnLoadAttributes (440ms)
				ProcessInitializeOnLoadMethodAttributes (10ms)
				AfterProcessingInitializeOnLoad (8ms)
				EditorAssembliesLoaded (0ms)
			ExecutionOrderSort2 (0ms)
			AwakeInstancesAfterBackupRestoration (19ms)
Platform modules already initialized, skipping
Switching build target platform(19) subTarget(0) extendedPlatform(0) -> platform(13) subTarget(537395200) extendedPlatform(0)
Refreshing native plugins compatible for Editor in 1.60 ms, found 3 plugins.
Preloading 0 native plugins for Editor in 0.00 ms.
Unloading 2095 Unused Serialized files (Serialized files now loaded: 0)
System memory in use before: 96.9 MB.
System memory in use after: 96.9 MB.

Unloading 21 unused Assets to reduce memory usage. Loaded Objects now: 2610.
Total: 3.820400 ms (FindLiveObjects: 0.600700 ms CreateObjectMapping: 0.144700 ms MarkObjects: 2.918200 ms  DeleteObjects: 0.154600 ms)

AssetImportParameters requested are different than current active one (requested -> active):
  custom:framework-win-MediaFoundation: 216162199b28c13a410421893ffa2e32 -> 
  custom:video-decoder-ogg-theora: a1e56fd34408186e4bbccfd4996cb3dc -> 
  custom:container-muxer-webm: aa71ff27fc2769a1b78a27578f13a17b -> 
  custom:container-demuxer-webm: 4f35f7cbe854078d1ac9338744f61a02 -> 
  custom:container-demuxer-ogg: 62fdf1f143b41e24485cea50d1cbac27 -> 
  custom:video-encoder-webm-vp8: eb34c28f22e8b96e1ab97ce403110664 -> 
  custom:video-decoder-webm-vp8: 9c59270c3fd7afecdb556c50c9e8de78 -> 
  custom:graphics/normal-map-encoding: 01000000000000000000000000000000 -> 02000000000000000000000000000000
  custom:audio-decoder-ogg-vorbis: bf7c407c2cedff20999df2af8eb42d56 -> 
  custom:audio-encoder-webm-vorbis: bf7c407c2cedff20999df2af8eb42d56 -> 
========================================================================
Received Prepare
Registering precompiled user dll's ...
Registered in 0.004924 seconds.
Begin MonoManager ReloadAssembly
Native extension for WindowsStandalone target not found
Refreshing native plugins compatible for Editor in 0.73 ms, found 3 plugins.
Preloading 0 native plugins for Editor in 0.00 ms.
Mono: successfully reloaded assembly
- Completed reload, in  1.946 seconds
Domain Reload Profiling:
	ReloadAssembly (1947ms)
		BeginReloadAssembly (159ms)
			ExecutionOrderSort (0ms)
			DisableScriptedObjects (11ms)
			BackupInstance (0ms)
			ReleaseScriptingObjects (0ms)
			CreateAndSetChildDomain (50ms)
		EndReloadAssembly (1647ms)
			LoadAssemblies (141ms)
			RebuildTransferFunctionScriptingTraits (0ms)
			SetupTypeCache (471ms)
			ReleaseScriptCaches (1ms)
			RebuildScriptCaches (84ms)
			SetupLoadedEditorAssemblies (677ms)
				LogAssemblyErrors (0ms)
				InitializePlatformSupportModulesInManaged (14ms)
				SetLoadedEditorAssemblies (1ms)
				RefreshPlugins (1ms)
				BeforeProcessingInitializeOnLoad (164ms)
				ProcessInitializeOnLoadAttributes (478ms)
				ProcessInitializeOnLoadMethodAttributes (10ms)
				AfterProcessingInitializeOnLoad (10ms)
				EditorAssembliesLoaded (0ms)
			ExecutionOrderSort2 (0ms)
			AwakeInstancesAfterBackupRestoration (21ms)
Platform modules already initialized, skipping
Switching build target platform(19) subTarget(0) extendedPlatform(0) -> platform(13) subTarget(537395200) extendedPlatform(0)
Refreshing native plugins compatible for Editor in 0.58 ms, found 3 plugins.
Preloading 0 native plugins for Editor in 0.00 ms.
Unloading 2095 Unused Serialized files (Serialized files now loaded: 0)
System memory in use before: 96.9 MB.
System memory in use after: 96.9 MB.

Unloading 21 unused Assets to reduce memory usage. Loaded Objects now: 2614.
Total: 3.482200 ms (FindLiveObjects: 0.297900 ms CreateObjectMapping: 0.073000 ms MarkObjects: 2.956200 ms  DeleteObjects: 0.153400 ms)

AssetImportParameters requested are different than current active one (requested -> active):
  custom:framework-win-MediaFoundation: 216162199b28c13a410421893ffa2e32 -> 
  custom:video-decoder-ogg-theora: a1e56fd34408186e4bbccfd4996cb3dc -> 
  custom:container-muxer-webm: aa71ff27fc2769a1b78a27578f13a17b -> 
  custom:container-demuxer-webm: 4f35f7cbe854078d1ac9338744f61a02 -> 
  custom:container-demuxer-ogg: 62fdf1f143b41e24485cea50d1cbac27 -> 
  custom:video-encoder-webm-vp8: eb34c28f22e8b96e1ab97ce403110664 -> 
  custom:video-decoder-webm-vp8: 9c59270c3fd7afecdb556c50c9e8de78 -> 
  custom:graphics/normal-map-encoding: 01000000000000000000000000000000 -> 02000000000000000000000000000000
  custom:audio-decoder-ogg-vorbis: bf7c407c2cedff20999df2af8eb42d56 -> 
  custom:audio-encoder-webm-vorbis: bf7c407c2cedff20999df2af8eb42d56 -> 
========================================================================
Received Prepare
Registering precompiled user dll's ...
Registered in 0.005802 seconds.
Begin MonoManager ReloadAssembly
Native extension for WindowsStandalone target not found
Refreshing native plugins compatible for Editor in 0.90 ms, found 3 plugins.
Preloading 0 native plugins for Editor in 0.00 ms.
Mono: successfully reloaded assembly
- Completed reload, in  1.904 seconds
Domain Reload Profiling:
	ReloadAssembly (1904ms)
		BeginReloadAssembly (182ms)
			ExecutionOrderSort (0ms)
			DisableScriptedObjects (34ms)
			BackupInstance (0ms)
			ReleaseScriptingObjects (0ms)
			CreateAndSetChildDomain (51ms)
		EndReloadAssembly (1631ms)
			LoadAssemblies (159ms)
			RebuildTransferFunctionScriptingTraits (0ms)
			SetupTypeCache (551ms)
			ReleaseScriptCaches (1ms)
			RebuildScriptCaches (62ms)
			SetupLoadedEditorAssemblies (596ms)
				LogAssemblyErrors (0ms)
				InitializePlatformSupportModulesInManaged (8ms)
				SetLoadedEditorAssemblies (1ms)
				RefreshPlugins (1ms)
				BeforeProcessingInitializeOnLoad (140ms)
				ProcessInitializeOnLoadAttributes (426ms)
				ProcessInitializeOnLoadMethodAttributes (10ms)
				AfterProcessingInitializeOnLoad (10ms)
				EditorAssembliesLoaded (0ms)
			ExecutionOrderSort2 (0ms)
			AwakeInstancesAfterBackupRestoration (26ms)
Platform modules already initialized, skipping
Switching build target platform(19) subTarget(0) extendedPlatform(0) -> platform(13) subTarget(537395200) extendedPlatform(0)
Refreshing native plugins compatible for Editor in 0.64 ms, found 3 plugins.
Preloading 0 native plugins for Editor in 0.00 ms.
Unloading 2095 Unused Serialized files (Serialized files now loaded: 0)
System memory in use before: 96.9 MB.
System memory in use after: 96.9 MB.

Unloading 21 unused Assets to reduce memory usage. Loaded Objects now: 2618.
Total: 6.224900 ms (FindLiveObjects: 0.316600 ms CreateObjectMapping: 0.068500 ms MarkObjects: 5.659200 ms  DeleteObjects: 0.177600 ms)

AssetImportParameters requested are different than current active one (requested -> active):
  custom:framework-win-MediaFoundation: 216162199b28c13a410421893ffa2e32 -> 
  custom:video-decoder-ogg-theora: a1e56fd34408186e4bbccfd4996cb3dc -> 
  custom:container-muxer-webm: aa71ff27fc2769a1b78a27578f13a17b -> 
  custom:container-demuxer-webm: 4f35f7cbe854078d1ac9338744f61a02 -> 
  custom:container-demuxer-ogg: 62fdf1f143b41e24485cea50d1cbac27 -> 
  custom:video-encoder-webm-vp8: eb34c28f22e8b96e1ab97ce403110664 -> 
  custom:video-decoder-webm-vp8: 9c59270c3fd7afecdb556c50c9e8de78 -> 
  custom:graphics/normal-map-encoding: 01000000000000000000000000000000 -> 02000000000000000000000000000000
  custom:audio-decoder-ogg-vorbis: bf7c407c2cedff20999df2af8eb42d56 -> 
  custom:audio-encoder-webm-vorbis: bf7c407c2cedff20999df2af8eb42d56 -> 
========================================================================
Received Import Request.
  Time since last request: 540.027927 seconds.
  path: Assets/Scripts/Laser.cs
  artifactKey: Guid(a1a4094cdf399b84a996cb147d6bb7e4) Importer(815301076,1909f56bfc062723c751e8b465ee728b)
Start importing Assets/Scripts/Laser.cs using Guid(a1a4094cdf399b84a996cb147d6bb7e4) Importer(815301076,1909f56bfc062723c751e8b465ee728b)  -> (artifact id: 'c77dedc20b2554984307b51685447a43') in 0.093201 seconds 
  Import took 0.098227 seconds .

========================================================================
Received Prepare
Registering precompiled user dll's ...
Registered in 0.005321 seconds.
Begin MonoManager ReloadAssembly
Native extension for WindowsStandalone target not found
Refreshing native plugins compatible for Editor in 0.66 ms, found 3 plugins.
Preloading 0 native plugins for Editor in 0.00 ms.
Mono: successfully reloaded assembly
- Completed reload, in  1.832 seconds
Domain Reload Profiling:
	ReloadAssembly (1832ms)
		BeginReloadAssembly (214ms)
			ExecutionOrderSort (0ms)
			DisableScriptedObjects (10ms)
			BackupInstance (0ms)
			ReleaseScriptingObjects (0ms)
			CreateAndSetChildDomain (57ms)
		EndReloadAssembly (1531ms)
			LoadAssemblies (195ms)
			RebuildTransferFunctionScriptingTraits (0ms)
			SetupTypeCache (420ms)
			ReleaseScriptCaches (1ms)
			RebuildScriptCaches (69ms)
			SetupLoadedEditorAssemblies (665ms)
				LogAssemblyErrors (0ms)
				InitializePlatformSupportModulesInManaged (8ms)
				SetLoadedEditorAssemblies (1ms)
				RefreshPlugins (1ms)
				BeforeProcessingInitializeOnLoad (147ms)
				ProcessInitializeOnLoadAttributes (485ms)
				ProcessInitializeOnLoadMethodAttributes (9ms)
				AfterProcessingInitializeOnLoad (15ms)
				EditorAssembliesLoaded (0ms)
			ExecutionOrderSort2 (0ms)
			AwakeInstancesAfterBackupRestoration (18ms)
Platform modules already initialized, skipping
Switching build target platform(19) subTarget(0) extendedPlatform(0) -> platform(13) subTarget(537395200) extendedPlatform(0)
Refreshing native plugins compatible for Editor in 1.11 ms, found 3 plugins.
Preloading 0 native plugins for Editor in 0.00 ms.
Unloading 2095 Unused Serialized files (Serialized files now loaded: 0)
System memory in use before: 97.0 MB.
System memory in use after: 96.9 MB.

Unloading 21 unused Assets to reduce memory usage. Loaded Objects now: 2622.
Total: 3.850900 ms (FindLiveObjects: 0.417400 ms CreateObjectMapping: 0.158000 ms MarkObjects: 3.045900 ms  DeleteObjects: 0.226300 ms)

AssetImportParameters requested are different than current active one (requested -> active):
  custom:framework-win-MediaFoundation: 216162199b28c13a410421893ffa2e32 -> 
  custom:video-decoder-ogg-theora: a1e56fd34408186e4bbccfd4996cb3dc -> 
  custom:container-muxer-webm: aa71ff27fc2769a1b78a27578f13a17b -> 
  custom:container-demuxer-webm: 4f35f7cbe854078d1ac9338744f61a02 -> 
  custom:container-demuxer-ogg: 62fdf1f143b41e24485cea50d1cbac27 -> 
  custom:video-encoder-webm-vp8: eb34c28f22e8b96e1ab97ce403110664 -> 
  custom:video-decoder-webm-vp8: 9c59270c3fd7afecdb556c50c9e8de78 -> 
  custom:graphics/normal-map-encoding: 01000000000000000000000000000000 -> 02000000000000000000000000000000
  custom:audio-decoder-ogg-vorbis: bf7c407c2cedff20999df2af8eb42d56 -> 
  custom:audio-encoder-webm-vorbis: bf7c407c2cedff20999df2af8eb42d56 -> 
========================================================================
Received Prepare
Registering precompiled user dll's ...
Registered in 0.005410 seconds.
Begin MonoManager ReloadAssembly
Native extension for WindowsStandalone target not found
Refreshing native plugins compatible for Editor in 0.68 ms, found 3 plugins.
Preloading 0 native plugins for Editor in 0.00 ms.
Mono: successfully reloaded assembly
- Completed reload, in  1.493 seconds
Domain Reload Profiling:
	ReloadAssembly (1494ms)
		BeginReloadAssembly (154ms)
			ExecutionOrderSort (0ms)
			DisableScriptedObjects (9ms)
			BackupInstance (0ms)
			ReleaseScriptingObjects (0ms)
			CreateAndSetChildDomain (44ms)
		EndReloadAssembly (1247ms)
			LoadAssemblies (138ms)
			RebuildTransferFunctionScriptingTraits (0ms)
			SetupTypeCache (368ms)
			ReleaseScriptCaches (1ms)
			RebuildScriptCaches (51ms)
			SetupLoadedEditorAssemblies (507ms)
				LogAssemblyErrors (0ms)
				InitializePlatformSupportModulesInManaged (6ms)
				SetLoadedEditorAssemblies (1ms)
				RefreshPlugins (1ms)
				BeforeProcessingInitializeOnLoad (119ms)
				ProcessInitializeOnLoadAttributes (365ms)
				ProcessInitializeOnLoadMethodAttributes (7ms)
				AfterProcessingInitializeOnLoad (9ms)
				EditorAssembliesLoaded (0ms)
			ExecutionOrderSort2 (0ms)
			AwakeInstancesAfterBackupRestoration (15ms)
Platform modules already initialized, skipping
Switching build target platform(19) subTarget(0) extendedPlatform(0) -> platform(13) subTarget(537395200) extendedPlatform(0)
Refreshing native plugins compatible for Editor in 0.58 ms, found 3 plugins.
Preloading 0 native plugins for Editor in 0.00 ms.
Unloading 2095 Unused Serialized files (Serialized files now loaded: 0)
System memory in use before: 97.0 MB.
System memory in use after: 96.9 MB.

Unloading 21 unused Assets to reduce memory usage. Loaded Objects now: 2626.
Total: 3.392900 ms (FindLiveObjects: 0.287900 ms CreateObjectMapping: 0.085500 ms MarkObjects: 2.845900 ms  DeleteObjects: 0.171300 ms)

AssetImportParameters requested are different than current active one (requested -> active):
  custom:framework-win-MediaFoundation: 216162199b28c13a410421893ffa2e32 -> 
  custom:video-decoder-ogg-theora: a1e56fd34408186e4bbccfd4996cb3dc -> 
  custom:container-muxer-webm: aa71ff27fc2769a1b78a27578f13a17b -> 
  custom:container-demuxer-webm: 4f35f7cbe854078d1ac9338744f61a02 -> 
  custom:container-demuxer-ogg: 62fdf1f143b41e24485cea50d1cbac27 -> 
  custom:video-encoder-webm-vp8: eb34c28f22e8b96e1ab97ce403110664 -> 
  custom:video-decoder-webm-vp8: 9c59270c3fd7afecdb556c50c9e8de78 -> 
  custom:graphics/normal-map-encoding: 01000000000000000000000000000000 -> 02000000000000000000000000000000
  custom:audio-decoder-ogg-vorbis: bf7c407c2cedff20999df2af8eb42d56 -> 
  custom:audio-encoder-webm-vorbis: bf7c407c2cedff20999df2af8eb42d56 -> 
========================================================================
Received Prepare
Registering precompiled user dll's ...
Registered in 0.010464 seconds.
Begin MonoManager ReloadAssembly
Native extension for WindowsStandalone target not found
Refreshing native plugins compatible for Editor in 0.58 ms, found 3 plugins.
Preloading 0 native plugins for Editor in 0.00 ms.
Mono: successfully reloaded assembly
- Completed reload, in  2.143 seconds
Domain Reload Profiling:
	ReloadAssembly (2145ms)
		BeginReloadAssembly (271ms)
			ExecutionOrderSort (0ms)
			DisableScriptedObjects (12ms)
			BackupInstance (0ms)
			ReleaseScriptingObjects (0ms)
			CreateAndSetChildDomain (65ms)
		EndReloadAssembly (1773ms)
			LoadAssemblies (232ms)
			RebuildTransferFunctionScriptingTraits (0ms)
			SetupTypeCache (525ms)
			ReleaseScriptCaches (2ms)
			RebuildScriptCaches (65ms)
			SetupLoadedEditorAssemblies (759ms)
				LogAssemblyErrors (0ms)
				InitializePlatformSupportModulesInManaged (10ms)
				SetLoadedEditorAssemblies (1ms)
				RefreshPlugins (1ms)
				BeforeProcessingInitializeOnLoad (169ms)
				ProcessInitializeOnLoadAttributes (561ms)
				ProcessInitializeOnLoadMethodAttributes (10ms)
				AfterProcessingInitializeOnLoad (7ms)
				EditorAssembliesLoaded (0ms)
			ExecutionOrderSort2 (0ms)
			AwakeInstancesAfterBackupRestoration (16ms)
Platform modules already initialized, skipping
Switching build target platform(19) subTarget(0) extendedPlatform(0) -> platform(13) subTarget(537395200) extendedPlatform(0)
Refreshing native plugins compatible for Editor in 0.73 ms, found 3 plugins.
Preloading 0 native plugins for Editor in 0.00 ms.
Unloading 2095 Unused Serialized files (Serialized files now loaded: 0)
System memory in use before: 97.0 MB.
System memory in use after: 97.0 MB.

Unloading 21 unused Assets to reduce memory usage. Loaded Objects now: 2630.
Total: 3.373300 ms (FindLiveObjects: 0.386900 ms CreateObjectMapping: 0.078000 ms MarkObjects: 2.747300 ms  DeleteObjects: 0.157700 ms)

AssetImportParameters requested are different than current active one (requested -> active):
  custom:framework-win-MediaFoundation: 216162199b28c13a410421893ffa2e32 -> 
  custom:video-decoder-ogg-theora: a1e56fd34408186e4bbccfd4996cb3dc -> 
  custom:container-muxer-webm: aa71ff27fc2769a1b78a27578f13a17b -> 
  custom:container-demuxer-webm: 4f35f7cbe854078d1ac9338744f61a02 -> 
  custom:container-demuxer-ogg: 62fdf1f143b41e24485cea50d1cbac27 -> 
  custom:video-encoder-webm-vp8: eb34c28f22e8b96e1ab97ce403110664 -> 
  custom:video-decoder-webm-vp8: 9c59270c3fd7afecdb556c50c9e8de78 -> 
  custom:graphics/normal-map-encoding: 01000000000000000000000000000000 -> 02000000000000000000000000000000
  custom:audio-decoder-ogg-vorbis: bf7c407c2cedff20999df2af8eb42d56 -> 
  custom:audio-encoder-webm-vorbis: bf7c407c2cedff20999df2af8eb42d56 -> 
AssetImportWorkerClient::OnTransportError - code=2 error=End of file
