Using pre-set license
Built from '2020.3/staging' branch; Version is '2020.3.10f1 (297d780c91bc) revision 2719096'; Using compiler version '192528614'; Build Type 'Release'
OS: 'Windows 10 Home; OS build 15063.0; Version 1703; 64bit' Language: 'pt' Physical Memory: 6075 MB
BatchMode: 1, IsHumanControllingUs: 0, StartBugReporterOnCrash: 0, Is64bit: 1, IsPro: 0

 COMMAND LINE ARGUMENTS:
C:\Program Files\Unity\Hub\Editor\2020.3.10f1\Editor\Unity.exe
-adb2
-batchMode
-noUpm
-name
AssetImportWorker0
-projectPath
C:/Users/Geraldo/Desktop/More Games Studio/Unity 2D/Free The Humans
-logFile
Logs/AssetImportWorker0.log
-srvPort
57109
Successfully changed project path to: C:/Users/Geraldo/Desktop/More Games Studio/Unity 2D/Free The Humans
C:/Users/Geraldo/Desktop/More Games Studio/Unity 2D/Free The Humans
Using Asset Import Pipeline V2.
Refreshing native plugins compatible for Editor in 53.16 ms, found 3 plugins.
Preloading 0 native plugins for Editor in 0.00 ms.
Initialize engine version: 2020.3.10f1 (297d780c91bc)
[Subsystems] Discovering subsystems at path C:/Program Files/Unity/Hub/Editor/2020.3.10f1/Editor/Data/Resources/UnitySubsystems
[Subsystems] Discovering subsystems at path C:/Users/Geraldo/Desktop/More Games Studio/Unity 2D/Free The Humans/Assets
GfxDevice: creating device client; threaded=0
Direct3D:
    Version:  Direct3D 11.0 [level 11.1]
    Renderer: Microsoft Basic Render Driver (ID=0x8c)
    Vendor:   
    VRAM:     3037 MB
Initialize mono
Mono path[0] = 'C:/Program Files/Unity/Hub/Editor/2020.3.10f1/Editor/Data/Managed'
Mono path[1] = 'C:/Program Files/Unity/Hub/Editor/2020.3.10f1/Editor/Data/MonoBleedingEdge/lib/mono/unityjit'
Mono config path = 'C:/Program Files/Unity/Hub/Editor/2020.3.10f1/Editor/Data/MonoBleedingEdge/etc'
Using monoOptions --debugger-agent=transport=dt_socket,embedding=1,server=y,suspend=n,address=127.0.0.1:56500
Begin MonoManager ReloadAssembly
Registering precompiled unity dll's ...
Register platform support module: C:/Program Files/Unity/Hub/Editor/2020.3.10f1/Editor/Data/PlaybackEngines/WindowsStandaloneSupport/UnityEditor.WindowsStandalone.Extensions.dll
Registered in 0.001130 seconds.
Native extension for WindowsStandalone target not found
Refreshing native plugins compatible for Editor in 121.23 ms, found 3 plugins.
Preloading 0 native plugins for Editor in 0.00 ms.
Mono: successfully reloaded assembly
- Completed reload, in  2.649 seconds
Platform modules already initialized, skipping
Registering precompiled user dll's ...
Registered in 0.003174 seconds.
Begin MonoManager ReloadAssembly
Native extension for WindowsStandalone target not found
Refreshing native plugins compatible for Editor in 51.14 ms, found 3 plugins.
Preloading 0 native plugins for Editor in 0.00 ms.
Mono: successfully reloaded assembly
- Completed reload, in  1.439 seconds
Platform modules already initialized, skipping
========================================================================
Worker process is ready to serve import requests
Launched and connected shader compiler UnityShaderCompiler.exe after 0.04 seconds
Refreshing native plugins compatible for Editor in 12.83 ms, found 3 plugins.
Preloading 0 native plugins for Editor in 0.00 ms.
Unloading 2083 Unused Serialized files (Serialized files now loaded: 0)
System memory in use before: 93.1 MB.
System memory in use after: 93.0 MB.

Unloading 33 unused Assets to reduce memory usage. Loaded Objects now: 2519.
Total: 2.685927 ms (FindLiveObjects: 0.239097 ms CreateObjectMapping: 0.052721 ms MarkObjects: 2.232811 ms  DeleteObjects: 0.159588 ms)

========================================================================
Received Import Request.
  path: Assets/Prefabs/laser.prefab
  artifactKey: Guid(6b1807dd9eeeaaf46bc054f1f1e4047e) Importer(815301076,1909f56bfc062723c751e8b465ee728b)
Start importing Assets/Prefabs/laser.prefab using Guid(6b1807dd9eeeaaf46bc054f1f1e4047e) Importer(815301076,1909f56bfc062723c751e8b465ee728b)  -> (artifact id: 'dc016e959c68bf0baa73eb7d2a79e5f2') in 0.092341 seconds
  Import took 0.096519 seconds .

========================================================================
Received Import Request.
  Time since last request: 34.829634 seconds.
  path: Assets/Scripts/NavePlayer.cs
  artifactKey: Guid(52583331420be334db64a9f033e3408d) Importer(815301076,1909f56bfc062723c751e8b465ee728b)
Start importing Assets/Scripts/NavePlayer.cs using Guid(52583331420be334db64a9f033e3408d) Importer(815301076,1909f56bfc062723c751e8b465ee728b)  -> (artifact id: 'b0e335f8fa8a2e32340012ca737cb8c8') in 0.011637 seconds
  Import took 0.015742 seconds .

========================================================================
Received Import Request.
  Time since last request: 253.280750 seconds.
  path: Assets/Scripts/NavePlayer.cs
  artifactKey: Guid(52583331420be334db64a9f033e3408d) Importer(815301076,1909f56bfc062723c751e8b465ee728b)
Start importing Assets/Scripts/NavePlayer.cs using Guid(52583331420be334db64a9f033e3408d) Importer(815301076,1909f56bfc062723c751e8b465ee728b)  -> (artifact id: 'a9d0103c3649fafc4b3a8cad4323e2f0') in 0.006440 seconds
  Import took 0.076725 seconds .

========================================================================
Received Prepare
Registering precompiled user dll's ...
Registered in 0.003966 seconds.
Begin MonoManager ReloadAssembly
Native extension for WindowsStandalone target not found
Refreshing native plugins compatible for Editor in 0.57 ms, found 3 plugins.
Preloading 0 native plugins for Editor in 0.00 ms.
Mono: successfully reloaded assembly
- Completed reload, in  1.216 seconds
Platform modules already initialized, skipping
Refreshing native plugins compatible for Editor in 0.53 ms, found 3 plugins.
Preloading 0 native plugins for Editor in 0.00 ms.
Unloading 2078 Unused Serialized files (Serialized files now loaded: 0)
System memory in use before: 96.0 MB.
System memory in use after: 96.0 MB.

Unloading 21 unused Assets to reduce memory usage. Loaded Objects now: 2530.
Total: 2.553412 ms (FindLiveObjects: 0.248502 ms CreateObjectMapping: 0.050726 ms MarkObjects: 2.126514 ms  DeleteObjects: 0.125961 ms)

========================================================================
Received Import Request.
  Time since last request: 22.281677 seconds.
  path: Assets/Scripts/NavePlayer.cs
  artifactKey: Guid(52583331420be334db64a9f033e3408d) Importer(815301076,1909f56bfc062723c751e8b465ee728b)
Start importing Assets/Scripts/NavePlayer.cs using Guid(52583331420be334db64a9f033e3408d) Importer(815301076,1909f56bfc062723c751e8b465ee728b)  -> (artifact id: '0118bc7528ddde0381cea4a707730296') in 0.005171 seconds
  Import took 0.008451 seconds .

========================================================================
Received Prepare
Registering precompiled user dll's ...
Registered in 0.004053 seconds.
Begin MonoManager ReloadAssembly
Native extension for WindowsStandalone target not found
Refreshing native plugins compatible for Editor in 0.55 ms, found 3 plugins.
Preloading 0 native plugins for Editor in 0.00 ms.
Mono: successfully reloaded assembly
- Completed reload, in  1.324 seconds
Platform modules already initialized, skipping
Refreshing native plugins compatible for Editor in 0.55 ms, found 3 plugins.
Preloading 0 native plugins for Editor in 0.00 ms.
Unloading 2078 Unused Serialized files (Serialized files now loaded: 0)
System memory in use before: 96.1 MB.
System memory in use after: 96.0 MB.

Unloading 21 unused Assets to reduce memory usage. Loaded Objects now: 2534.
Total: 2.781680 ms (FindLiveObjects: 0.251067 ms CreateObjectMapping: 0.053861 ms MarkObjects: 2.342243 ms  DeleteObjects: 0.133085 ms)

========================================================================
Received Prepare
Registering precompiled user dll's ...
Registered in 0.004692 seconds.
Begin MonoManager ReloadAssembly
Native extension for WindowsStandalone target not found
Refreshing native plugins compatible for Editor in 0.54 ms, found 3 plugins.
Preloading 0 native plugins for Editor in 0.00 ms.
Mono: successfully reloaded assembly
- Completed reload, in  1.177 seconds
Platform modules already initialized, skipping
Refreshing native plugins compatible for Editor in 0.55 ms, found 3 plugins.
Preloading 0 native plugins for Editor in 0.00 ms.
Unloading 2078 Unused Serialized files (Serialized files now loaded: 0)
System memory in use before: 96.1 MB.
System memory in use after: 96.1 MB.

Unloading 21 unused Assets to reduce memory usage. Loaded Objects now: 2538.
Total: 2.563956 ms (FindLiveObjects: 0.237673 ms CreateObjectMapping: 0.053006 ms MarkObjects: 2.141902 ms  DeleteObjects: 0.129950 ms)

========================================================================
Received Prepare
Registering precompiled user dll's ...
Registered in 0.003329 seconds.
Begin MonoManager ReloadAssembly
Native extension for WindowsStandalone target not found
Refreshing native plugins compatible for Editor in 0.54 ms, found 3 plugins.
Preloading 0 native plugins for Editor in 0.00 ms.
Mono: successfully reloaded assembly
- Completed reload, in  1.240 seconds
Platform modules already initialized, skipping
Refreshing native plugins compatible for Editor in 0.66 ms, found 3 plugins.
Preloading 0 native plugins for Editor in 0.00 ms.
Unloading 2078 Unused Serialized files (Serialized files now loaded: 0)
System memory in use before: 96.1 MB.
System memory in use after: 96.1 MB.

Unloading 21 unused Assets to reduce memory usage. Loaded Objects now: 2542.
Total: 3.606410 ms (FindLiveObjects: 0.471640 ms CreateObjectMapping: 0.077514 ms MarkObjects: 2.898237 ms  DeleteObjects: 0.155599 ms)

========================================================================
Received Prepare
Registering precompiled user dll's ...
Registered in 0.003623 seconds.
Begin MonoManager ReloadAssembly
Native extension for WindowsStandalone target not found
Refreshing native plugins compatible for Editor in 0.54 ms, found 3 plugins.
Preloading 0 native plugins for Editor in 0.00 ms.
Mono: successfully reloaded assembly
- Completed reload, in  1.335 seconds
Platform modules already initialized, skipping
Refreshing native plugins compatible for Editor in 0.53 ms, found 3 plugins.
Preloading 0 native plugins for Editor in 0.00 ms.
Unloading 2078 Unused Serialized files (Serialized files now loaded: 0)
System memory in use before: 96.1 MB.
System memory in use after: 96.1 MB.

Unloading 21 unused Assets to reduce memory usage. Loaded Objects now: 2546.
Total: 2.703026 ms (FindLiveObjects: 0.423764 ms CreateObjectMapping: 0.050156 ms MarkObjects: 2.094311 ms  DeleteObjects: 0.132230 ms)

========================================================================
Received Prepare
Registering precompiled user dll's ...
Registered in 0.002810 seconds.
Begin MonoManager ReloadAssembly
Native extension for WindowsStandalone target not found
Refreshing native plugins compatible for Editor in 0.54 ms, found 3 plugins.
Preloading 0 native plugins for Editor in 0.00 ms.
Mono: successfully reloaded assembly
- Completed reload, in  1.235 seconds
Platform modules already initialized, skipping
Refreshing native plugins compatible for Editor in 0.55 ms, found 3 plugins.
Preloading 0 native plugins for Editor in 0.00 ms.
Unloading 2079 Unused Serialized files (Serialized files now loaded: 0)
System memory in use before: 96.1 MB.
System memory in use after: 96.1 MB.

Unloading 21 unused Assets to reduce memory usage. Loaded Objects now: 2551.
Total: 3.920172 ms (FindLiveObjects: 0.274150 ms CreateObjectMapping: 0.074380 ms MarkObjects: 3.398090 ms  DeleteObjects: 0.172127 ms)

========================================================================
Received Import Request.
  Time since last request: 1001.400239 seconds.
  path: Assets/Scripts/ControllerPon.cs
  artifactKey: Guid(3d86a6bc197d836429af937a80d9e9ca) Importer(815301076,1909f56bfc062723c751e8b465ee728b)
Start importing Assets/Scripts/ControllerPon.cs using Guid(3d86a6bc197d836429af937a80d9e9ca) Importer(815301076,1909f56bfc062723c751e8b465ee728b)  -> (artifact id: '909edc2063fd218bbdc08f4d6c72a953') in 0.005553 seconds
  Import took 0.009079 seconds .

========================================================================
Received Prepare
Registering precompiled user dll's ...
Registered in 0.002750 seconds.
Begin MonoManager ReloadAssembly
Native extension for WindowsStandalone target not found
Refreshing native plugins compatible for Editor in 0.55 ms, found 3 plugins.
Preloading 0 native plugins for Editor in 0.00 ms.
Mono: successfully reloaded assembly
- Completed reload, in  1.175 seconds
Platform modules already initialized, skipping
Refreshing native plugins compatible for Editor in 0.56 ms, found 3 plugins.
Preloading 0 native plugins for Editor in 0.00 ms.
Unloading 2078 Unused Serialized files (Serialized files now loaded: 0)
System memory in use before: 96.1 MB.
System memory in use after: 96.1 MB.

Unloading 22 unused Assets to reduce memory usage. Loaded Objects now: 2554.
Total: 3.285238 ms (FindLiveObjects: 0.268450 ms CreateObjectMapping: 0.072385 ms MarkObjects: 2.790230 ms  DeleteObjects: 0.152464 ms)

========================================================================
Received Import Request.
  Time since last request: 34.498125 seconds.
  path: Assets/Scripts/PointController.cs
  artifactKey: Guid(2e5c9cd447baeb84fa570831c18aef5c) Importer(815301076,1909f56bfc062723c751e8b465ee728b)
Start importing Assets/Scripts/PointController.cs using Guid(2e5c9cd447baeb84fa570831c18aef5c) Importer(815301076,1909f56bfc062723c751e8b465ee728b)  -> (artifact id: '3e3d5e7ff355af77eb4ea3bae6581c0a') in 0.019795 seconds
  Import took 0.023970 seconds .

========================================================================
Received Import Request.
  Time since last request: 0.126375 seconds.
  path: Assets/Scripts/PointController.cs
  artifactKey: Guid(2e5c9cd447baeb84fa570831c18aef5c) Importer(815301076,1909f56bfc062723c751e8b465ee728b)
Start importing Assets/Scripts/PointController.cs using Guid(2e5c9cd447baeb84fa570831c18aef5c) Importer(815301076,1909f56bfc062723c751e8b465ee728b)  -> (artifact id: '3e3d5e7ff355af77eb4ea3bae6581c0a') in 0.002360 seconds
  Import took 0.063800 seconds .

========================================================================
Received Prepare
Registering precompiled user dll's ...
Registered in 0.002925 seconds.
Begin MonoManager ReloadAssembly
Native extension for WindowsStandalone target not found
Refreshing native plugins compatible for Editor in 0.54 ms, found 3 plugins.
Preloading 0 native plugins for Editor in 0.00 ms.
Mono: successfully reloaded assembly
- Completed reload, in  1.128 seconds
Platform modules already initialized, skipping
Refreshing native plugins compatible for Editor in 0.58 ms, found 3 plugins.
Preloading 0 native plugins for Editor in 0.00 ms.
Unloading 2079 Unused Serialized files (Serialized files now loaded: 0)
System memory in use before: 96.2 MB.
System memory in use after: 96.1 MB.

Unloading 21 unused Assets to reduce memory usage. Loaded Objects now: 2559.
Total: 2.635486 ms (FindLiveObjects: 0.261326 ms CreateObjectMapping: 0.050156 ms MarkObjects: 2.156436 ms  DeleteObjects: 0.166143 ms)

========================================================================
Received Prepare
Registering precompiled user dll's ...
Registered in 0.002734 seconds.
Begin MonoManager ReloadAssembly
Native extension for WindowsStandalone target not found
Refreshing native plugins compatible for Editor in 0.57 ms, found 3 plugins.
Preloading 0 native plugins for Editor in 0.00 ms.
Mono: successfully reloaded assembly
- Completed reload, in  1.182 seconds
Platform modules already initialized, skipping
Refreshing native plugins compatible for Editor in 0.56 ms, found 3 plugins.
Preloading 0 native plugins for Editor in 0.00 ms.
Unloading 2079 Unused Serialized files (Serialized files now loaded: 0)
System memory in use before: 96.2 MB.
System memory in use after: 96.2 MB.

Unloading 21 unused Assets to reduce memory usage. Loaded Objects now: 2563.
Total: 2.630926 ms (FindLiveObjects: 0.278140 ms CreateObjectMapping: 0.072100 ms MarkObjects: 2.119959 ms  DeleteObjects: 0.159303 ms)

========================================================================
Received Import Request.
  Time since last request: 270.463430 seconds.
  path: Assets/Scripts/PointController.cs
  artifactKey: Guid(2e5c9cd447baeb84fa570831c18aef5c) Importer(815301076,1909f56bfc062723c751e8b465ee728b)
Start importing Assets/Scripts/PointController.cs using Guid(2e5c9cd447baeb84fa570831c18aef5c) Importer(815301076,1909f56bfc062723c751e8b465ee728b)  -> (artifact id: '6322dd260dc8abe98a54237aee0e5f3a') in 0.005693 seconds
  Import took 0.009636 seconds .

========================================================================
Received Import Request.
  Time since last request: 0.000183 seconds.
  path: Assets/Scripts/Enemy.cs
  artifactKey: Guid(97718a573d705fe4188194011184af28) Importer(815301076,1909f56bfc062723c751e8b465ee728b)
Start importing Assets/Scripts/Enemy.cs using Guid(97718a573d705fe4188194011184af28) Importer(815301076,1909f56bfc062723c751e8b465ee728b)  -> (artifact id: '98d9649f0b38e1edcaa113a433084289') in 0.002509 seconds
  Import took 0.005597 seconds .

========================================================================
Received Prepare
Registering precompiled user dll's ...
Registered in 0.002804 seconds.
Begin MonoManager ReloadAssembly
Native extension for WindowsStandalone target not found
Refreshing native plugins compatible for Editor in 0.81 ms, found 3 plugins.
Preloading 0 native plugins for Editor in 0.00 ms.
Mono: successfully reloaded assembly
- Completed reload, in  1.439 seconds
Platform modules already initialized, skipping
Refreshing native plugins compatible for Editor in 1.32 ms, found 3 plugins.
Preloading 0 native plugins for Editor in 0.00 ms.
Unloading 2079 Unused Serialized files (Serialized files now loaded: 0)
System memory in use before: 96.2 MB.
System memory in use after: 96.2 MB.

Unloading 21 unused Assets to reduce memory usage. Loaded Objects now: 2567.
Total: 3.133345 ms (FindLiveObjects: 0.744080 ms CreateObjectMapping: 0.120546 ms MarkObjects: 2.128793 ms  DeleteObjects: 0.138785 ms)

========================================================================
Received Import Request.
  Time since last request: 168.238228 seconds.
  path: Assets/Scripts/Laser.cs
  artifactKey: Guid(a1a4094cdf399b84a996cb147d6bb7e4) Importer(815301076,1909f56bfc062723c751e8b465ee728b)
Start importing Assets/Scripts/Laser.cs using Guid(a1a4094cdf399b84a996cb147d6bb7e4) Importer(815301076,1909f56bfc062723c751e8b465ee728b)  -> (artifact id: '4264894fca6bbb58375dce6755fe314d') in 0.005917 seconds
  Import took 0.011368 seconds .

========================================================================
Received Import Request.
  Time since last request: 0.000337 seconds.
  path: Assets/Scripts/Enemy.cs
  artifactKey: Guid(97718a573d705fe4188194011184af28) Importer(815301076,1909f56bfc062723c751e8b465ee728b)
Start importing Assets/Scripts/Enemy.cs using Guid(97718a573d705fe4188194011184af28) Importer(815301076,1909f56bfc062723c751e8b465ee728b)  -> (artifact id: 'a7b1053bd9f39156ef0a9ec4f75c44b2') in 0.001338 seconds
  Import took 0.007477 seconds .

========================================================================
Received Prepare
Registering precompiled user dll's ...
Registered in 0.003531 seconds.
Begin MonoManager ReloadAssembly
Native extension for WindowsStandalone target not found
Refreshing native plugins compatible for Editor in 0.53 ms, found 3 plugins.
Preloading 0 native plugins for Editor in 0.00 ms.
Mono: successfully reloaded assembly
- Completed reload, in  1.122 seconds
Platform modules already initialized, skipping
Refreshing native plugins compatible for Editor in 0.66 ms, found 3 plugins.
Preloading 0 native plugins for Editor in 0.00 ms.
Unloading 2079 Unused Serialized files (Serialized files now loaded: 0)
System memory in use before: 96.2 MB.
System memory in use after: 96.2 MB.

Unloading 21 unused Assets to reduce memory usage. Loaded Objects now: 2571.
Total: 2.488152 ms (FindLiveObjects: 0.240807 ms CreateObjectMapping: 0.056141 ms MarkObjects: 2.054414 ms  DeleteObjects: 0.134510 ms)

========================================================================
Received Prepare
Registering precompiled user dll's ...
Registered in 0.003206 seconds.
Begin MonoManager ReloadAssembly
Native extension for WindowsStandalone target not found
Refreshing native plugins compatible for Editor in 0.69 ms, found 3 plugins.
Preloading 0 native plugins for Editor in 0.00 ms.
Mono: successfully reloaded assembly
- Completed reload, in  1.584 seconds
Platform modules already initialized, skipping
Refreshing native plugins compatible for Editor in 0.87 ms, found 3 plugins.
Preloading 0 native plugins for Editor in 0.00 ms.
Unloading 2079 Unused Serialized files (Serialized files now loaded: 0)
System memory in use before: 96.2 MB.
System memory in use after: 96.2 MB.

Unloading 21 unused Assets to reduce memory usage. Loaded Objects now: 2575.
Total: 5.174364 ms (FindLiveObjects: 0.289824 ms CreateObjectMapping: 0.053861 ms MarkObjects: 4.603266 ms  DeleteObjects: 0.225418 ms)

========================================================================
Received Prepare
Registering precompiled user dll's ...
Registered in 0.002795 seconds.
Begin MonoManager ReloadAssembly
Native extension for WindowsStandalone target not found
Refreshing native plugins compatible for Editor in 0.61 ms, found 3 plugins.
Preloading 0 native plugins for Editor in 0.00 ms.
Mono: successfully reloaded assembly
- Completed reload, in  1.548 seconds
Platform modules already initialized, skipping
Refreshing native plugins compatible for Editor in 0.53 ms, found 3 plugins.
Preloading 0 native plugins for Editor in 0.00 ms.
Unloading 2079 Unused Serialized files (Serialized files now loaded: 0)
System memory in use before: 96.2 MB.
System memory in use after: 96.2 MB.

Unloading 21 unused Assets to reduce memory usage. Loaded Objects now: 2579.
Total: 2.618102 ms (FindLiveObjects: 0.206895 ms CreateObjectMapping: 0.052436 ms MarkObjects: 2.211437 ms  DeleteObjects: 0.146194 ms)

========================================================================
Received Import Request.
  Time since last request: 506.272785 seconds.
  path: Assets/Scripts/NavePlayer.cs
  artifactKey: Guid(52583331420be334db64a9f033e3408d) Importer(815301076,1909f56bfc062723c751e8b465ee728b)
Start importing Assets/Scripts/NavePlayer.cs using Guid(52583331420be334db64a9f033e3408d) Importer(815301076,1909f56bfc062723c751e8b465ee728b)  -> (artifact id: 'e210bb2463017ba2f7346f280fcbcd14') in 0.008323 seconds
  Import took 0.012112 seconds .

========================================================================
Received Prepare
Registering precompiled user dll's ...
Registered in 0.003246 seconds.
Begin MonoManager ReloadAssembly
Native extension for WindowsStandalone target not found
Refreshing native plugins compatible for Editor in 0.57 ms, found 3 plugins.
Preloading 0 native plugins for Editor in 0.00 ms.
Mono: successfully reloaded assembly
- Completed reload, in  1.592 seconds
Platform modules already initialized, skipping
Refreshing native plugins compatible for Editor in 1.00 ms, found 3 plugins.
Preloading 0 native plugins for Editor in 0.00 ms.
Unloading 2079 Unused Serialized files (Serialized files now loaded: 0)
System memory in use before: 96.2 MB.
System memory in use after: 96.2 MB.

Unloading 21 unused Assets to reduce memory usage. Loaded Objects now: 2583.
Total: 2.823572 ms (FindLiveObjects: 0.273295 ms CreateObjectMapping: 0.062980 ms MarkObjects: 2.346232 ms  DeleteObjects: 0.139925 ms)

========================================================================
Received Prepare
Registering precompiled user dll's ...
Registered in 0.003102 seconds.
Begin MonoManager ReloadAssembly
Native extension for WindowsStandalone target not found
Refreshing native plugins compatible for Editor in 0.67 ms, found 3 plugins.
Preloading 0 native plugins for Editor in 0.00 ms.
Mono: successfully reloaded assembly
- Completed reload, in  1.465 seconds
Platform modules already initialized, skipping
Refreshing native plugins compatible for Editor in 2.33 ms, found 3 plugins.
Preloading 0 native plugins for Editor in 0.00 ms.
Unloading 2079 Unused Serialized files (Serialized files now loaded: 0)
System memory in use before: 96.2 MB.
System memory in use after: 96.2 MB.

Unloading 21 unused Assets to reduce memory usage. Loaded Objects now: 2587.
Total: 5.914455 ms (FindLiveObjects: 0.712163 ms CreateObjectMapping: 0.677110 ms MarkObjects: 4.368729 ms  DeleteObjects: 0.155029 ms)

========================================================================
Received Import Request.
  Time since last request: 181.513889 seconds.
  path: Assets/Scripts/PointController.cs
  artifactKey: Guid(2e5c9cd447baeb84fa570831c18aef5c) Importer(815301076,1909f56bfc062723c751e8b465ee728b)
Start importing Assets/Scripts/PointController.cs using Guid(2e5c9cd447baeb84fa570831c18aef5c) Importer(815301076,1909f56bfc062723c751e8b465ee728b)  -> (artifact id: '22a74f94a881ff6c5f15add0a137c1be') in 0.007465 seconds
  Import took 0.049864 seconds .

========================================================================
Received Import Request.
  Time since last request: 5.425198 seconds.
  path: Assets/Scripts/Laser.cs
  artifactKey: Guid(a1a4094cdf399b84a996cb147d6bb7e4) Importer(815301076,1909f56bfc062723c751e8b465ee728b)
Start importing Assets/Scripts/Laser.cs using Guid(a1a4094cdf399b84a996cb147d6bb7e4) Importer(815301076,1909f56bfc062723c751e8b465ee728b)  -> (artifact id: '08283cc8b25e0fec75bea0b5b425408e') in 0.004385 seconds
  Import took 0.008319 seconds .

========================================================================
Received Prepare
Registering precompiled user dll's ...
Registered in 0.002741 seconds.
Begin MonoManager ReloadAssembly
Native extension for WindowsStandalone target not found
Refreshing native plugins compatible for Editor in 0.53 ms, found 3 plugins.
Preloading 0 native plugins for Editor in 0.00 ms.
Mono: successfully reloaded assembly
- Completed reload, in  1.293 seconds
Platform modules already initialized, skipping
Refreshing native plugins compatible for Editor in 0.58 ms, found 3 plugins.
Preloading 0 native plugins for Editor in 0.00 ms.
Unloading 2079 Unused Serialized files (Serialized files now loaded: 0)
System memory in use before: 96.2 MB.
System memory in use after: 96.2 MB.

Unloading 21 unused Assets to reduce memory usage. Loaded Objects now: 2591.
Total: 2.653155 ms (FindLiveObjects: 0.250497 ms CreateObjectMapping: 0.052436 ms MarkObjects: 2.214287 ms  DeleteObjects: 0.133940 ms)

========================================================================
Received Prepare
Registering precompiled user dll's ...
Registered in 0.002866 seconds.
Begin MonoManager ReloadAssembly
Native extension for WindowsStandalone target not found
Refreshing native plugins compatible for Editor in 0.53 ms, found 3 plugins.
Preloading 0 native plugins for Editor in 0.00 ms.
Mono: successfully reloaded assembly
- Completed reload, in  1.013 seconds
Platform modules already initialized, skipping
Refreshing native plugins compatible for Editor in 0.54 ms, found 3 plugins.
Preloading 0 native plugins for Editor in 0.00 ms.
Unloading 2079 Unused Serialized files (Serialized files now loaded: 0)
System memory in use before: 96.2 MB.
System memory in use after: 96.2 MB.

Unloading 21 unused Assets to reduce memory usage. Loaded Objects now: 2595.
Total: 2.625227 ms (FindLiveObjects: 0.248217 ms CreateObjectMapping: 0.052436 ms MarkObjects: 2.188639 ms  DeleteObjects: 0.134510 ms)

AssetImportWorkerClient::OnTransportError - code=2 error=End of file
